ESTIMATE of time to complete assignment: 10 hours

      Time     Time
Date  Started  Spent Work completed
----  -------  ----  --------------
1/25  8:15pm   2:30  cloned repo to Zoo, tried to run test, gave up and moved
                     to local, finally got the test command to work locally;
                     worked on Part A and got it to pass public test
1/26  8:30pm   2:00  finished B1
1/26  11:00pm  0:45  thought about B2 and wrote some stuff down; still need to
                     think a bit more though
1/27  1:00am   0:40  added the atomic counter approach to B2
1/28  10:15am  1:00  finish Part C

8/02   9:00am  2:20  wrote functions for determining whether a roll is
                     three of a kind, four of a kind, and all the other
                     lower categories
8/04   4:45pm  1:15  wrote code to create the graph for the components
8/05   7:05pm  2:00  discovered and corrected two logical errors; code now
                     passes all tests except where choice is Yahtzee
8/07  11:00am  1:35  finished debugging; program passes all public tests
               ----
               7:55  TOTAL time spent

I discussed my solution with: TODO

Discussion: TODO